  Applying forms.0011_alter_waiver_options_and_more...Traceback (most recent call last):
  File "/opt/jumpnjoy/backend/backend/venv/lib/python3.12/site-packages/django/db/backends/utils.py", line 87, in _execute
    return self.cursor.execute(sql)
           ^^^^^^^^^^^^^^^^^^^^^^^^
psycopg2.errors.CannotCoerce: cannot cast type bigint to uuid
LINE 1: ... "forms_waiver" ALTER COLUMN "id" TYPE uuid USING "id"::uuid
                                                                 ^


The above exception was the direct cause of the following exception:

Traceback (most recent call last):
  File "/opt/jumpnjoy/backend/backend/manage.py", line 22, in <module>
    main()
  File "/opt/jumpnjoy/backend/backend/manage.py", line 18, in main
    execute_from_command_line(sys.argv)
  File "/opt/jumpnjoy/backend/backend/venv/lib/python3.12/site-packages/django/core/management/__init__.py", line 442, in execute_from_command_line
    utility.execute()
  File "/opt/jumpnjoy/backend/backend/venv/lib/python3.12/site-packages/django/core/management/__init__.py", line 436, in execute
    self.fetch_command(subcommand).run_from_argv(self.argv)
  File "/opt/jumpnjoy/backend/backend/venv/lib/python3.12/site-packages/django/core/management/base.py", line 412, in run_from_argv
    self.execute(*args, **cmd_options)
  File "/opt/jumpnjoy/backend/backend/venv/lib/python3.12/site-packages/django/core/management/base.py", line 458, in execute
    output = self.handle(*args, **options)
             ^^^^^^^^^^^^^^^^^^^^^^^^^^^^^
  File "/opt/jumpnjoy/backend/backend/venv/lib/python3.12/site-packages/django/core/management/base.py", line 106, in wrapper
    res = handle_func(*args, **kwargs)
          ^^^^^^^^^^^^^^^^^^^^^^^^^^^^
  File "/opt/jumpnjoy/backend/backend/venv/lib/python3.12/site-packages/django/core/management/commands/migrate.py", line 356, in handle
    post_migrate_state = executor.migrate(
                         ^^^^^^^^^^^^^^^^^
  File "/opt/jumpnjoy/backend/backend/venv/lib/python3.12/site-packages/django/db/migrations/executor.py", line 135, in migrate
    state = self._migrate_all_forwards(
            ^^^^^^^^^^^^^^^^^^^^^^^^^^^
  File "/opt/jumpnjoy/backend/backend/venv/lib/python3.12/site-packages/django/db/migrations/executor.py", line 167, in _migrate_all_forwards
    state = self.apply_migration(
            ^^^^^^^^^^^^^^^^^^^^^
  File "/opt/jumpnjoy/backend/backend/venv/lib/python3.12/site-packages/django/db/migrations/executor.py", line 252, in apply_migration
    state = migration.apply(state, schema_editor)
            ^^^^^^^^^^^^^^^^^^^^^^^^^^^^^^^^^^^^^
  File "/opt/jumpnjoy/backend/backend/venv/lib/python3.12/site-packages/django/db/migrations/migration.py", line 132, in apply
    operation.database_forwards(
  File "/opt/jumpnjoy/backend/backend/venv/lib/python3.12/site-packages/django/db/migrations/operations/fields.py", line 235, in database_forwards
    schema_editor.alter_field(from_model, from_field, to_field)
  File "/opt/jumpnjoy/backend/backend/venv/lib/python3.12/site-packages/django/db/backends/base/schema.py", line 830, in alter_field
    self._alter_field(
  File "/opt/jumpnjoy/backend/backend/venv/lib/python3.12/site-packages/django/db/backends/postgresql/schema.py", line 288, in _alter_field
    super()._alter_field(
  File "/opt/jumpnjoy/backend/backend/venv/lib/python3.12/site-packages/django/db/backends/base/schema.py", line 1055, in _alter_field
    self.execute(
  File "/opt/jumpnjoy/backend/backend/venv/lib/python3.12/site-packages/django/db/backends/postgresql/schema.py", line 48, in execute
    return super().execute(sql, None)
           ^^^^^^^^^^^^^^^^^^^^^^^^^^
  File "/opt/jumpnjoy/backend/backend/venv/lib/python3.12/site-packages/django/db/backends/base/schema.py", line 201, in execute
    cursor.execute(sql, params)
  File "/opt/jumpnjoy/backend/backend/venv/lib/python3.12/site-packages/django/db/backends/utils.py", line 67, in execute
    return self._execute_with_wrappers(
           ^^^^^^^^^^^^^^^^^^^^^^^^^^^^
  File "/opt/jumpnjoy/backend/backend/venv/lib/python3.12/site-packages/django/db/backends/utils.py", line 80, in _execute_with_wrappers
    return executor(sql, params, many, context)
           ^^^^^^^^^^^^^^^^^^^^^^^^^^^^^^^^^^^^
  File "/opt/jumpnjoy/backend/backend/venv/lib/python3.12/site-packages/django/db/backends/utils.py", line 84, in _execute
    with self.db.wrap_database_errors:
  File "/opt/jumpnjoy/backend/backend/venv/lib/python3.12/site-packages/django/db/utils.py", line 91, in __exit__
    raise dj_exc_value.with_traceback(traceback) from exc_value
  File "/opt/jumpnjoy/backend/backend/venv/lib/python3.12/site-packages/django/db/backends/utils.py", line 87, in _execute
    return self.cursor.execute(sql)
           ^^^^^^^^^^^^^^^^^^^^^^^^
django.db.utils.ProgrammingError: cannot cast type bigint to uuid
LINE 1: ... "forms_waiver" ALTER COLUMN "id" TYPE uuid USING "id"::uuid
                                                                 ^
